#
# There is insufficient memory for the Java Runtime Environment to continue.
# Native memory allocation (malloc) failed to allocate 1457824 bytes for Chunk::new
# Possible reasons:
#   The system is out of physical RAM or swap space
#   The process is running with CompressedOops enabled, and the Java Heap may be blocking the growth of the native heap
# Possible solutions:
#   Reduce memory load on the system
#   Increase physical memory or swap space
#   Check if swap backing store is full
#   Decrease Java heap size (-Xmx/-Xms)
#   Decrease number of Java threads
#   Decrease Java thread stack sizes (-Xss)
#   Set larger code cache with -XX:ReservedCodeCacheSize=
#   JVM is running with Unscaled Compressed Oops mode in which the Java heap is
#     placed in the first 4GB address space. The Java Heap base address is the
#     maximum limit for the native heap growth. Please use -XX:HeapBaseMinAddress
#     to set the Java Heap base and to place the Java Heap above 4GB virtual address.
# This output file may be truncated or incomplete.
#
#  Out of Memory Error (arena.cpp:189), pid=9048, tid=7120
#
# JRE version: OpenJDK Runtime Environment Temurin-17.0.2+8 (17.0.2+8) (build 17.0.2+8)
# Java VM: OpenJDK 64-Bit Server VM Temurin-17.0.2+8 (17.0.2+8, mixed mode, sharing, tiered, compressed oops, compressed class ptrs, g1 gc, windows-amd64)
# No core dump will be written. Minidumps are not enabled by default on client versions of Windows
#

---------------  S U M M A R Y ------------

Command Line: -Dfile.encoding=UTF-8 -XX:+ShowCodeDetailsInExceptionMessages com.example.app.BookKnowledgeAppApplication

Host: AMD Phenom(tm) II X4 955 Processor, 4 cores, 7G,  Windows 10 , 64 bit Build 19041 (10.0.19041.3393)
Time: Fri Sep 29 10:58:25 2023  Windows 10 , 64 bit Build 19041 (10.0.19041.3393) elapsed time: 3265.030303 seconds (0d 0h 54m 25s)

---------------  T H R E A D  ---------------

Current thread (0x0000020cd1d23360):  JavaThread "C2 CompilerThread0" daemon [_thread_in_native, id=7120, stack(0x0000008ffa600000,0x0000008ffa700000)]


Current CompileTask:
C2:3265030 8242       4       org.springframework.boot.context.properties.source.ConfigurationPropertyName::fastElementEquals (69 bytes)

Stack: [0x0000008ffa600000,0x0000008ffa700000]
Native frames: (J=compiled Java code, j=interpreted, Vv=VM code, C=native code)
V  [jvm.dll+0x67564a]
V  [jvm.dll+0x82fc04]
V  [jvm.dll+0x8313ae]
V  [jvm.dll+0x831a13]
V  [jvm.dll+0x245235]
V  [jvm.dll+0xabd7b]
V  [jvm.dll+0xac30c]
V  [jvm.dll+0x3631f7]
V  [jvm.dll+0x32d891]
V  [jvm.dll+0x32cd3a]
V  [jvm.dll+0x2180d1]
V  [jvm.dll+0x2174f1]
V  [jvm.dll+0x1a3a8d]
V  [jvm.dll+0x226ef8]
V  [jvm.dll+0x22503c]
V  [jvm.dll+0x7e596b]
V  [jvm.dll+0x7dff2a]
V  [jvm.dll+0x6744d5]
C  [ucrtbase.dll+0x21bb2]
C  [KERNEL32.DLL+0x17344]
C  [ntdll.dll+0x526b1]


---------------  P R O C E S S  ---------------

Threads class SMR info:
_java_thread_list=0x0000020cd7345c30, length=20, elements={
0x0000020cd1cfefa0, 0x0000020cd1d00eb0, 0x0000020cd1d16b50, 0x0000020cd1d17410,
0x0000020cd1d17dc0, 0x0000020cd1d217b0, 0x0000020cd1d23360, 0x0000020cd1d2cef0,
0x0000020cd1d41c20, 0x0000020cd289de40, 0x0000020cd28a15c0, 0x0000020cd40023a0,
0x0000020cd4001a00, 0x0000020cd3474ee0, 0x0000020cd3471520, 0x0000020cd34719f0,
0x0000020cd3471050, 0x0000020cd34766f0, 0x0000020cd346eea0, 0x0000020cd3fb4780
}

Java Threads: ( => current thread )
  0x0000020cd1cfefa0 JavaThread "Reference Handler" daemon [_thread_blocked, id=11524, stack(0x0000008ffa000000,0x0000008ffa100000)]
  0x0000020cd1d00eb0 JavaThread "Finalizer" daemon [_thread_blocked, id=8212, stack(0x0000008ffa100000,0x0000008ffa200000)]
  0x0000020cd1d16b50 JavaThread "Signal Dispatcher" daemon [_thread_blocked, id=6232, stack(0x0000008ffa200000,0x0000008ffa300000)]
  0x0000020cd1d17410 JavaThread "Attach Listener" daemon [_thread_blocked, id=5872, stack(0x0000008ffa300000,0x0000008ffa400000)]
  0x0000020cd1d17dc0 JavaThread "Service Thread" daemon [_thread_blocked, id=2288, stack(0x0000008ffa400000,0x0000008ffa500000)]
  0x0000020cd1d217b0 JavaThread "Monitor Deflation Thread" daemon [_thread_blocked, id=11448, stack(0x0000008ffa500000,0x0000008ffa600000)]
=>0x0000020cd1d23360 JavaThread "C2 CompilerThread0" daemon [_thread_in_native, id=7120, stack(0x0000008ffa600000,0x0000008ffa700000)]
  0x0000020cd1d2cef0 JavaThread "C1 CompilerThread0" daemon [_thread_blocked, id=5000, stack(0x0000008ffa700000,0x0000008ffa800000)]
  0x0000020cd1d41c20 JavaThread "Sweeper thread" daemon [_thread_blocked, id=7036, stack(0x0000008ffa800000,0x0000008ffa900000)]
  0x0000020cd289de40 JavaThread "Notification Thread" daemon [_thread_blocked, id=9092, stack(0x0000008ffa900000,0x0000008ffaa00000)]
  0x0000020cd28a15c0 JavaThread "Common-Cleaner" daemon [_thread_blocked, id=2960, stack(0x0000008ffab00000,0x0000008ffac00000)]
  0x0000020cd40023a0 JavaThread "mysql-cj-abandoned-connection-cleanup" daemon [_thread_blocked, id=10820, stack(0x0000008ffb500000,0x0000008ffb600000)]
  0x0000020cd4001a00 JavaThread "Live Reload Server" daemon [_thread_in_native, id=11660, stack(0x0000008ffb800000,0x0000008ffb900000)]
  0x0000020cd3474ee0 JavaThread "DestroyJavaVM" [_thread_blocked, id=4040, stack(0x0000008ff9900000,0x0000008ff9a00000)]
  0x0000020cd3471520 JavaThread "Thread-7" [_thread_blocked, id=11052, stack(0x0000008ff9700000,0x0000008ff9800000)]
  0x0000020cd34719f0 JavaThread "File Watcher" daemon [_thread_blocked, id=10804, stack(0x0000008ffac00000,0x0000008ffad00000)]
  0x0000020cd3471050 JavaThread "File Watcher" daemon [_thread_blocked, id=6900, stack(0x0000008ff9800000,0x0000008ff9900000)]
  0x0000020cd34766f0 JavaThread "File Watcher" daemon [_thread_blocked, id=11328, stack(0x0000008ffb300000,0x0000008ffb400000)]
  0x0000020cd346eea0 JavaThread "restartedMain" [_thread_in_vm, id=12700, stack(0x0000008ff9600000,0x0000008ff9700000)]
  0x0000020cd3fb4780 JavaThread "C2 CompilerThread1" daemon [_thread_in_native, id=2940, stack(0x0000008ffb000000,0x0000008ffb100000)]

Other Threads:
  0x0000020cd1cf77d0 VMThread "VM Thread" [stack: 0x0000008ff9f00000,0x0000008ffa000000] [id=5380]
  0x0000020cd28a0320 WatcherThread [stack: 0x0000008ffaa00000,0x0000008ffab00000] [id=10800]
  0x0000020cb4464970 GCTaskThread "GC Thread#0" [stack: 0x0000008ff9a00000,0x0000008ff9b00000] [id=6716]
  0x0000020cd3049db0 GCTaskThread "GC Thread#1" [stack: 0x0000008ffad00000,0x0000008ffae00000] [id=8576]
  0x0000020cd306e9e0 GCTaskThread "GC Thread#2" [stack: 0x0000008ffae00000,0x0000008ffaf00000] [id=6192]
  0x0000020cd325a8b0 GCTaskThread "GC Thread#3" [stack: 0x0000008ffaf00000,0x0000008ffb000000] [id=1036]
  0x0000020cb4475850 ConcurrentGCThread "G1 Main Marker" [stack: 0x0000008ff9b00000,0x0000008ff9c00000] [id=7580]
  0x0000020cb4476260 ConcurrentGCThread "G1 Conc#0" [stack: 0x0000008ff9c00000,0x0000008ff9d00000] [id=11920]
  0x0000020cb44dfb50 ConcurrentGCThread "G1 Refine#0" [stack: 0x0000008ff9d00000,0x0000008ff9e00000] [id=8332]
  0x0000020cb44e1580 ConcurrentGCThread "G1 Service" [stack: 0x0000008ff9e00000,0x0000008ff9f00000] [id=6516]

Threads with active compile tasks:
C2 CompilerThread0  3265124 8242       4       org.springframework.boot.context.properties.source.ConfigurationPropertyName::fastElementEquals (69 bytes)
C2 CompilerThread1  3265124 8240       4       java.util.HashMap::computeIfAbsent (330 bytes)

VM state: not at safepoint (normal execution)

VM Mutex/Monitor currently owned by a thread: None

Heap address: 0x0000000084000000, size: 1984 MB, Compressed Oops mode: 32-bit

CDS archive(s) mapped at: [0x0000000800000000-0x0000000800bc0000-0x0000000800bc0000), size 12320768, SharedBaseAddress: 0x0000000800000000, ArchiveRelocationMode: 0.
Compressed class space mapped at: 0x0000000800c00000-0x0000000840c00000, reserved size: 1073741824
Narrow klass base: 0x0000000800000000, Narrow klass shift: 0, Narrow klass range: 0x100000000

GC Precious Log:
 CPUs: 4 total, 4 available
 Memory: 7935M
 Large Page Support: Disabled
 NUMA Support: Disabled
 Compressed Oops: Enabled (32-bit)
 Heap Region Size: 1M
 Heap Min Capacity: 8M
 Heap Initial Capacity: 124M
 Heap Max Capacity: 1984M
 Pre-touch: Disabled
 Parallel Workers: 4
 Concurrent Workers: 1
 Concurrent Refinement Workers: 4
 Periodic GC: Disabled

Heap:
 garbage-first heap   total 49152K, used 23853K [0x0000000084000000, 0x0000000100000000)
  region size 1024K, 5 young (5120K), 2 survivors (2048K)
 Metaspace       used 52233K, committed 52864K, reserved 1097728K
  class space    used 6351K, committed 6656K, reserved 1048576K

Heap Regions: E=young(eden), S=young(survivor), O=old, HS=humongous(starts), HC=humongous(continues), CS=collection set, F=free, OA=open archive, CA=closed archive, TAMS=top-at-mark-start (previous, next)
|   0|0x0000000084000000, 0x0000000084100000, 0x0000000084100000|100%| O|  |TAMS 0x0000000084100000, 0x0000000084000000| Untracked 
|   1|0x0000000084100000, 0x00000000841fffd8, 0x0000000084200000| 99%| O|  |TAMS 0x00000000841fffd8, 0x0000000084100000| Untracked 
|   2|0x0000000084200000, 0x00000000842ffff8, 0x0000000084300000| 99%| O|  |TAMS 0x00000000842ffff8, 0x0000000084200000| Untracked 
|   3|0x0000000084300000, 0x0000000084400000, 0x0000000084400000|100%| O|  |TAMS 0x0000000084400000, 0x0000000084300000| Untracked 
|   4|0x0000000084400000, 0x00000000844fffd8, 0x0000000084500000| 99%| O|  |TAMS 0x00000000844fffd8, 0x0000000084400000| Untracked 
|   5|0x0000000084500000, 0x0000000084600000, 0x0000000084600000|100%| O|  |TAMS 0x0000000084600000, 0x0000000084500000| Untracked 
|   6|0x0000000084600000, 0x00000000846ffff8, 0x0000000084700000| 99%| O|  |TAMS 0x00000000846ffff8, 0x0000000084600000| Untracked 
|   7|0x0000000084700000, 0x0000000084800000, 0x0000000084800000|100%| O|  |TAMS 0x0000000084800000, 0x0000000084700000| Untracked 
|   8|0x0000000084800000, 0x00000000848ffff0, 0x0000000084900000| 99%| O|  |TAMS 0x00000000848ffff0, 0x0000000084800000| Untracked 
|   9|0x0000000084900000, 0x00000000849ffff8, 0x0000000084a00000| 99%| O|  |TAMS 0x00000000849ffff8, 0x0000000084900000| Untracked 
|  10|0x0000000084a00000, 0x0000000084affff8, 0x0000000084b00000| 99%| O|  |TAMS 0x0000000084affff8, 0x0000000084a00000| Untracked 
|  11|0x0000000084b00000, 0x0000000084bffff8, 0x0000000084c00000| 99%| O|  |TAMS 0x0000000084bffff8, 0x0000000084b00000| Untracked 
|  12|0x0000000084c00000, 0x0000000084d00000, 0x0000000084d00000|100%| O|  |TAMS 0x0000000084d00000, 0x0000000084c00000| Untracked 
|  13|0x0000000084d00000, 0x0000000084e00000, 0x0000000084e00000|100%| O|  |TAMS 0x0000000084e00000, 0x0000000084d00000| Untracked 
|  14|0x0000000084e00000, 0x0000000084efffe8, 0x0000000084f00000| 99%| O|  |TAMS 0x0000000084efffe8, 0x0000000084e00000| Untracked 
|  15|0x0000000084f00000, 0x0000000085000000, 0x0000000085000000|100%| O|  |TAMS 0x0000000085000000, 0x0000000084f00000| Untracked 
|  16|0x0000000085000000, 0x0000000085100000, 0x0000000085100000|100%| O|  |TAMS 0x0000000085100000, 0x0000000085000000| Untracked 
|  17|0x0000000085100000, 0x0000000085184be0, 0x0000000085200000| 51%| O|  |TAMS 0x0000000085184be0, 0x0000000085100000| Untracked 
|  18|0x0000000085200000, 0x00000000852e0608, 0x0000000085300000| 87%| O|  |TAMS 0x00000000852e0608, 0x0000000085200000| Untracked 
|  19|0x0000000085300000, 0x000000008535d380, 0x0000000085400000| 36%| O|  |TAMS 0x000000008535d380, 0x0000000085300000| Untracked 
|  20|0x0000000085400000, 0x0000000085400000, 0x0000000085500000|  0%| F|  |TAMS 0x0000000085400000, 0x0000000085400000| Untracked 
|  21|0x0000000085500000, 0x00000000855d4a00, 0x0000000085600000| 83%| O|  |TAMS 0x000000008551e400, 0x0000000085500000| Untracked 
|  22|0x0000000085600000, 0x0000000085600000, 0x0000000085700000|  0%| F|  |TAMS 0x0000000085600000, 0x0000000085600000| Untracked 
|  23|0x0000000085700000, 0x0000000085700000, 0x0000000085800000|  0%| F|  |TAMS 0x0000000085700000, 0x0000000085700000| Untracked 
|  24|0x0000000085800000, 0x0000000085800000, 0x0000000085900000|  0%| F|  |TAMS 0x0000000085800000, 0x0000000085800000| Untracked 
|  25|0x0000000085900000, 0x0000000085900000, 0x0000000085a00000|  0%| F|  |TAMS 0x0000000085900000, 0x0000000085900000| Untracked 
|  26|0x0000000085a00000, 0x0000000085ab4620, 0x0000000085b00000| 70%| S|CS|TAMS 0x0000000085a00000, 0x0000000085a00000| Complete 
|  27|0x0000000085b00000, 0x0000000085c00000, 0x0000000085c00000|100%| S|CS|TAMS 0x0000000085b00000, 0x0000000085b00000| Complete 
|  28|0x0000000085c00000, 0x0000000085c00000, 0x0000000085d00000|  0%| F|  |TAMS 0x0000000085c00000, 0x0000000085c00000| Untracked 
|  29|0x0000000085d00000, 0x0000000085d00000, 0x0000000085e00000|  0%| F|  |TAMS 0x0000000085d00000, 0x0000000085d00000| Untracked 
|  30|0x0000000085e00000, 0x0000000085e00000, 0x0000000085f00000|  0%| F|  |TAMS 0x0000000085e00000, 0x0000000085e00000| Untracked 
|  31|0x0000000085f00000, 0x0000000085f00000, 0x0000000086000000|  0%| F|  |TAMS 0x0000000085f00000, 0x0000000085f00000| Untracked 
|  32|0x0000000086000000, 0x0000000086000000, 0x0000000086100000|  0%| F|  |TAMS 0x0000000086000000, 0x0000000086000000| Untracked 
|  33|0x0000000086100000, 0x0000000086100000, 0x0000000086200000|  0%| F|  |TAMS 0x0000000086100000, 0x0000000086100000| Untracked 
|  34|0x0000000086200000, 0x0000000086200000, 0x0000000086300000|  0%| F|  |TAMS 0x0000000086200000, 0x0000000086200000| Untracked 
|  35|0x0000000086300000, 0x0000000086300000, 0x0000000086400000|  0%| F|  |TAMS 0x0000000086300000, 0x0000000086300000| Untracked 
|  36|0x0000000086400000, 0x0000000086400000, 0x0000000086500000|  0%| F|  |TAMS 0x0000000086400000, 0x0000000086400000| Untracked 
|  37|0x0000000086500000, 0x0000000086500000, 0x0000000086600000|  0%| F|  |TAMS 0x0000000086500000, 0x0000000086500000| Untracked 
|  38|0x0000000086600000, 0x0000000086600000, 0x0000000086700000|  0%| F|  |TAMS 0x0000000086600000, 0x0000000086600000| Untracked 
|  39|0x0000000086700000, 0x0000000086700000, 0x0000000086800000|  0%| F|  |TAMS 0x0000000086700000, 0x0000000086700000| Untracked 
|  40|0x0000000086800000, 0x0000000086800000, 0x0000000086900000|  0%| F|  |TAMS 0x0000000086800000, 0x0000000086800000| Untracked 
|  61|0x0000000087d00000, 0x0000000087d00000, 0x0000000087e00000|  0%| F|  |TAMS 0x0000000087d00000, 0x0000000087d00000| Untracked 
|  62|0x0000000087e00000, 0x0000000087e00000, 0x0000000087f00000|  0%| F|  |TAMS 0x0000000087e00000, 0x0000000087e00000| Untracked 
|  63|0x0000000087f00000, 0x0000000087f00000, 0x0000000088000000|  0%| F|  |TAMS 0x0000000087f00000, 0x0000000087f00000| Untracked 
|  64|0x0000000088000000, 0x0000000088000000, 0x0000000088100000|  0%| F|  |TAMS 0x0000000088000000, 0x0000000088000000| Untracked 
|  65|0x0000000088100000, 0x0000000088200000, 0x0000000088200000|100%| E|  |TAMS 0x0000000088100000, 0x0000000088100000| Complete 
|  66|0x0000000088200000, 0x0000000088300000, 0x0000000088300000|100%| E|CS|TAMS 0x0000000088200000, 0x0000000088200000| Complete 
|  67|0x0000000088300000, 0x0000000088400000, 0x0000000088400000|100%| E|CS|TAMS 0x0000000088300000, 0x0000000088300000| Complete 

Card table byte_map: [0x0000020ccb2d0000,0x0000020ccb6b0000] _byte_map_base: 0x0000020ccaeb0000

Marking Bits (Prev, Next): (CMBitMap*) 0x0000020cb4464f80, (CMBitMap*) 0x0000020cb4464fc0
 Prev Bits: [0x0000020ccba90000, 0x0000020ccd990000)
 Next Bits: [0x0000020ccd990000, 0x0000020ccf890000)

Polling page: 0x0000020cb22e0000

Metaspace:

Usage:
  Non-class:     44.81 MB used.
      Class:      6.20 MB used.
       Both:     51.01 MB used.

Virtual space:
  Non-class space:       48.00 MB reserved,      45.12 MB ( 94%) committed,  6 nodes.
      Class space:        1.00 GB reserved,       6.50 MB ( <1%) committed,  1 nodes.
             Both:        1.05 GB reserved,      51.62 MB (  5%) committed. 

Chunk freelists:
   Non-Class:  2.13 MB
       Class:  1.53 MB
        Both:  3.66 MB

MaxMetaspaceSize: unlimited
CompressedClassSpaceSize: 1.00 GB
Initial GC threshold: 21.00 MB
Current GC threshold: 85.94 MB
CDS: on
MetaspaceReclaimPolicy: balanced
 - commit_granule_bytes: 65536.
 - commit_granule_words: 8192.
 - virtual_space_node_default_size: 1048576.
 - enlarge_chunks_in_place: 1.
 - new_chunks_are_fully_committed: 0.
 - uncommit_free_chunks: 1.
 - use_allocation_guard: 0.
 - handle_deallocations: 1.


Internal statistics:

num_allocs_failed_limit: 6.
num_arena_births: 766.
num_arena_deaths: 248.
num_vsnodes_births: 7.
num_vsnodes_deaths: 0.
num_space_committed: 826.
num_space_uncommitted: 0.
num_chunks_returned_to_freelist: 299.
num_chunks_taken_from_freelist: 2583.
num_chunk_merges: 111.
num_chunk_splits: 1716.
num_chunks_enlarged: 1229.
num_purges: 8.
num_inconsistent_stats: 0.

CodeHeap 'non-profiled nmethods': size=120000Kb used=4601Kb max_used=4601Kb free=115398Kb
 bounds [0x0000020cc39c0000, 0x0000020cc3e40000, 0x0000020ccaef0000]
CodeHeap 'profiled nmethods': size=120000Kb used=14797Kb max_used=14797Kb free=105202Kb
 bounds [0x0000020cbc490000, 0x0000020cbd310000, 0x0000020cc39c0000]
CodeHeap 'non-nmethods': size=5760Kb used=1315Kb max_used=1377Kb free=4444Kb
 bounds [0x0000020cbbef0000, 0x0000020cbc160000, 0x0000020cbc490000]
 total_blobs=7987 nmethods=7346 adapters=554
 compilation: enabled
              stopped_count=0, restarted_count=0
 full_count=0

Compilation events (20 events):
Event: 3264.892 Thread 0x0000020cd1d2cef0 8273       1       ch.qos.logback.classic.spi.LoggingEvent::getLevel (5 bytes)
Event: 3264.892 Thread 0x0000020cd1d2cef0 nmethod 8273 0x0000020cc3e3df10 code [0x0000020cc3e3e0a0, 0x0000020cc3e3e178]
Event: 3264.892 Thread 0x0000020cd1d2cef0 8274       3       org.springframework.boot.ansi.AnsiOutput::buildDisabled (47 bytes)
Event: 3264.893 Thread 0x0000020cd1d2cef0 nmethod 8274 0x0000020cbd2fc110 code [0x0000020cbd2fc300, 0x0000020cbd2fc8f8]
Event: 3264.893 Thread 0x0000020cd1d2cef0 8275       1       ch.qos.logback.classic.Level::toString (5 bytes)
Event: 3264.893 Thread 0x0000020cd1d2cef0 nmethod 8275 0x0000020cc3e3e210 code [0x0000020cc3e3e3a0, 0x0000020cc3e3e478]
Event: 3264.893 Thread 0x0000020cd1d2cef0 8276       3       java.io.PrintStream::ensureOpen (18 bytes)
Event: 3264.894 Thread 0x0000020cd1d2cef0 nmethod 8276 0x0000020cbd2fcb10 code [0x0000020cbd2fccc0, 0x0000020cbd2fcec8]
Event: 3264.902 Thread 0x0000020cd1d2cef0 8278       2       java.util.StringTokenizer::<init> (52 bytes)
Event: 3264.903 Thread 0x0000020cd1d2cef0 nmethod 8278 0x0000020cbd2fcf90 code [0x0000020cbd2fd140, 0x0000020cbd2fd348]
Event: 3264.904 Thread 0x0000020cd1d2cef0 8279       2       org.springframework.util.AntPathMatcher::doMatch (650 bytes)
Event: 3264.906 Thread 0x0000020cd1d2cef0 nmethod 8279 0x0000020cbd2fd490 code [0x0000020cbd2fd860, 0x0000020cbd2fec58]
Event: 3264.906 Thread 0x0000020cd1d2cef0 8280       2       java.nio.file.FileTreeWalker$Event::<init> (26 bytes)
Event: 3264.906 Thread 0x0000020cd1d2cef0 nmethod 8280 0x0000020cbd2ffb90 code [0x0000020cbd2ffd20, 0x0000020cbd2fff98]
Event: 3264.921 Thread 0x0000020cd1d2cef0 8285  s    2       java.io.FileDescriptor::attach (73 bytes)
Event: 3264.922 Thread 0x0000020cd1d2cef0 nmethod 8285 0x0000020cbd300010 code [0x0000020cbd300200, 0x0000020cbd300788]
Event: 3264.923 Thread 0x0000020cd1d2cef0 8286   !   2       org.springframework.context.annotation.ConfigurationClassParser::asSourceClass (79 bytes)
Event: 3264.924 Thread 0x0000020cd1d2cef0 nmethod 8286 0x0000020cbd300990 code [0x0000020cbd300be0, 0x0000020cbd301208]
Event: 3264.925 Thread 0x0000020cd1d2cef0 8287       2       java.io.Reader::<init> (27 bytes)
Event: 3264.926 Thread 0x0000020cd1d2cef0 nmethod 8287 0x0000020cbd301690 code [0x0000020cbd301840, 0x0000020cbd301a88]

GC Heap History (20 events):
Event: 2568.401 GC heap before
{Heap before GC invocations=53 (full 2):
 garbage-first heap   total 49152K, used 40109K [0x0000000084000000, 0x0000000100000000)
  region size 1024K, 21 young (21504K), 1 survivors (1024K)
 Metaspace       used 51939K, committed 52800K, reserved 1097728K
  class space    used 6330K, committed 6656K, reserved 1048576K
}
Event: 2568.403 GC heap after
{Heap after GC invocations=54 (full 2):
 garbage-first heap   total 49152K, used 19660K [0x0000000084000000, 0x0000000100000000)
  region size 1024K, 1 young (1024K), 1 survivors (1024K)
 Metaspace       used 51939K, committed 52800K, reserved 1097728K
  class space    used 6330K, committed 6656K, reserved 1048576K
}
Event: 2675.349 GC heap before
{Heap before GC invocations=54 (full 2):
 garbage-first heap   total 49152K, used 40140K [0x0000000084000000, 0x0000000100000000)
  region size 1024K, 21 young (21504K), 1 survivors (1024K)
 Metaspace       used 51939K, committed 52800K, reserved 1097728K
  class space    used 6330K, committed 6656K, reserved 1048576K
}
Event: 2675.351 GC heap after
{Heap after GC invocations=55 (full 2):
 garbage-first heap   total 49152K, used 19625K [0x0000000084000000, 0x0000000100000000)
  region size 1024K, 1 young (1024K), 1 survivors (1024K)
 Metaspace       used 51939K, committed 52800K, reserved 1097728K
  class space    used 6330K, committed 6656K, reserved 1048576K
}
Event: 2781.729 GC heap before
{Heap before GC invocations=55 (full 2):
 garbage-first heap   total 49152K, used 40105K [0x0000000084000000, 0x0000000100000000)
  region size 1024K, 21 young (21504K), 1 survivors (1024K)
 Metaspace       used 51939K, committed 52800K, reserved 1097728K
  class space    used 6330K, committed 6656K, reserved 1048576K
}
Event: 2781.731 GC heap after
{Heap after GC invocations=56 (full 2):
 garbage-first heap   total 49152K, used 19639K [0x0000000084000000, 0x0000000100000000)
  region size 1024K, 1 young (1024K), 1 survivors (1024K)
 Metaspace       used 51939K, committed 52800K, reserved 1097728K
  class space    used 6330K, committed 6656K, reserved 1048576K
}
Event: 2889.380 GC heap before
{Heap before GC invocations=56 (full 2):
 garbage-first heap   total 49152K, used 40119K [0x0000000084000000, 0x0000000100000000)
  region size 1024K, 21 young (21504K), 1 survivors (1024K)
 Metaspace       used 51939K, committed 52800K, reserved 1097728K
  class space    used 6330K, committed 6656K, reserved 1048576K
}
Event: 2889.381 GC heap after
{Heap after GC invocations=57 (full 2):
 garbage-first heap   total 49152K, used 19619K [0x0000000084000000, 0x0000000100000000)
  region size 1024K, 1 young (1024K), 1 survivors (1024K)
 Metaspace       used 51939K, committed 52800K, reserved 1097728K
  class space    used 6330K, committed 6656K, reserved 1048576K
}
Event: 2996.271 GC heap before
{Heap before GC invocations=57 (full 2):
 garbage-first heap   total 49152K, used 40099K [0x0000000084000000, 0x0000000100000000)
  region size 1024K, 21 young (21504K), 1 survivors (1024K)
 Metaspace       used 51939K, committed 52800K, reserved 1097728K
  class space    used 6330K, committed 6656K, reserved 1048576K
}
Event: 2996.272 GC heap after
{Heap after GC invocations=58 (full 2):
 garbage-first heap   total 49152K, used 19635K [0x0000000084000000, 0x0000000100000000)
  region size 1024K, 1 young (1024K), 1 survivors (1024K)
 Metaspace       used 51939K, committed 52800K, reserved 1097728K
  class space    used 6330K, committed 6656K, reserved 1048576K
}
Event: 3086.046 GC heap before
{Heap before GC invocations=58 (full 2):
 garbage-first heap   total 49152K, used 40115K [0x0000000084000000, 0x0000000100000000)
  region size 1024K, 21 young (21504K), 1 survivors (1024K)
 Metaspace       used 51964K, committed 52800K, reserved 1097728K
  class space    used 6330K, committed 6656K, reserved 1048576K
}
Event: 3086.048 GC heap after
{Heap after GC invocations=59 (full 2):
 garbage-first heap   total 49152K, used 20127K [0x0000000084000000, 0x0000000100000000)
  region size 1024K, 1 young (1024K), 1 survivors (1024K)
 Metaspace       used 51964K, committed 52800K, reserved 1097728K
  class space    used 6330K, committed 6656K, reserved 1048576K
}
Event: 3086.715 GC heap before
{Heap before GC invocations=59 (full 2):
 garbage-first heap   total 49152K, used 40607K [0x0000000084000000, 0x0000000100000000)
  region size 1024K, 21 young (21504K), 1 survivors (1024K)
 Metaspace       used 52087K, committed 52800K, reserved 1097728K
  class space    used 6342K, committed 6656K, reserved 1048576K
}
Event: 3086.719 GC heap after
{Heap after GC invocations=60 (full 2):
 garbage-first heap   total 49152K, used 21823K [0x0000000084000000, 0x0000000100000000)
  region size 1024K, 3 young (3072K), 3 survivors (3072K)
 Metaspace       used 52087K, committed 52800K, reserved 1097728K
  class space    used 6342K, committed 6656K, reserved 1048576K
}
Event: 3103.257 GC heap before
{Heap before GC invocations=60 (full 2):
 garbage-first heap   total 49152K, used 38207K [0x0000000084000000, 0x0000000100000000)
  region size 1024K, 19 young (19456K), 3 survivors (3072K)
 Metaspace       used 52164K, committed 52864K, reserved 1097728K
  class space    used 6344K, committed 6656K, reserved 1048576K
}
Event: 3103.259 GC heap after
{Heap after GC invocations=61 (full 2):
 garbage-first heap   total 49152K, used 20405K [0x0000000084000000, 0x0000000100000000)
  region size 1024K, 1 young (1024K), 1 survivors (1024K)
 Metaspace       used 52164K, committed 52864K, reserved 1097728K
  class space    used 6344K, committed 6656K, reserved 1048576K
}
Event: 3169.257 GC heap before
{Heap before GC invocations=61 (full 2):
 garbage-first heap   total 49152K, used 39861K [0x0000000084000000, 0x0000000100000000)
  region size 1024K, 20 young (20480K), 1 survivors (1024K)
 Metaspace       used 52164K, committed 52864K, reserved 1097728K
  class space    used 6344K, committed 6656K, reserved 1048576K
}
Event: 3169.264 GC heap after
{Heap after GC invocations=62 (full 2):
 garbage-first heap   total 49152K, used 20317K [0x0000000084000000, 0x0000000100000000)
  region size 1024K, 1 young (1024K), 1 survivors (1024K)
 Metaspace       used 52164K, committed 52864K, reserved 1097728K
  class space    used 6344K, committed 6656K, reserved 1048576K
}
Event: 3236.455 GC heap before
{Heap before GC invocations=62 (full 2):
 garbage-first heap   total 49152K, used 39773K [0x0000000084000000, 0x0000000100000000)
  region size 1024K, 20 young (20480K), 1 survivors (1024K)
 Metaspace       used 52164K, committed 52864K, reserved 1097728K
  class space    used 6344K, committed 6656K, reserved 1048576K
}
Event: 3236.456 GC heap after
{Heap after GC invocations=63 (full 2):
 garbage-first heap   total 49152K, used 20293K [0x0000000084000000, 0x0000000100000000)
  region size 1024K, 1 young (1024K), 1 survivors (1024K)
 Metaspace       used 52164K, committed 52864K, reserved 1097728K
  class space    used 6344K, committed 6656K, reserved 1048576K
}

Deoptimization events (20 events):
Event: 3264.857 Thread 0x0000020cd346eea0 DEOPT PACKING pc=0x0000020cc3df9494 sp=0x0000008ff96fd420
Event: 3264.857 Thread 0x0000020cd346eea0 DEOPT UNPACKING pc=0x0000020cbbf4239d sp=0x0000008ff96fd2c8 mode 2
Event: 3264.857 Thread 0x0000020cd346eea0 Uncommon trap: trap_request=0xffffffbe fr.pc=0x0000020cc3df9494 relative=0x0000000000000a54
Event: 3264.857 Thread 0x0000020cd346eea0 Uncommon trap: reason=profile_predicate action=maybe_recompile pc=0x0000020cc3df9494 method=org.springframework.boot.context.properties.source.ConfigurationPropertyName$Elements.canShortcutWithSource(Lorg/springframework/boot/context/properties/source/Con
Event: 3264.857 Thread 0x0000020cd346eea0 DEOPT PACKING pc=0x0000020cc3df9494 sp=0x0000008ff96fd420
Event: 3264.857 Thread 0x0000020cd346eea0 DEOPT UNPACKING pc=0x0000020cbbf4239d sp=0x0000008ff96fd2c8 mode 2
Event: 3264.866 Thread 0x0000020cd346eea0 Uncommon trap: trap_request=0xffffffbe fr.pc=0x0000020cc3df9494 relative=0x0000000000000a54
Event: 3264.866 Thread 0x0000020cd346eea0 Uncommon trap: reason=profile_predicate action=maybe_recompile pc=0x0000020cc3df9494 method=org.springframework.boot.context.properties.source.ConfigurationPropertyName$Elements.canShortcutWithSource(Lorg/springframework/boot/context/properties/source/Con
Event: 3264.866 Thread 0x0000020cd346eea0 DEOPT PACKING pc=0x0000020cc3df9494 sp=0x0000008ff96fd2e0
Event: 3264.866 Thread 0x0000020cd346eea0 DEOPT UNPACKING pc=0x0000020cbbf4239d sp=0x0000008ff96fd188 mode 2
Event: 3264.866 Thread 0x0000020cd346eea0 Uncommon trap: trap_request=0xffffffbe fr.pc=0x0000020cc3df9494 relative=0x0000000000000a54
Event: 3264.866 Thread 0x0000020cd346eea0 Uncommon trap: reason=profile_predicate action=maybe_recompile pc=0x0000020cc3df9494 method=org.springframework.boot.context.properties.source.ConfigurationPropertyName$Elements.canShortcutWithSource(Lorg/springframework/boot/context/properties/source/Con
Event: 3264.866 Thread 0x0000020cd346eea0 DEOPT PACKING pc=0x0000020cc3df9494 sp=0x0000008ff96fd2e0
Event: 3264.866 Thread 0x0000020cd346eea0 DEOPT UNPACKING pc=0x0000020cbbf4239d sp=0x0000008ff96fd188 mode 2
Event: 3264.910 Thread 0x0000020cd346eea0 DEOPT PACKING pc=0x0000020cbc8075e7 sp=0x0000008ff96fd840
Event: 3264.910 Thread 0x0000020cd346eea0 DEOPT UNPACKING pc=0x0000020cbbf42b24 sp=0x0000008ff96fcd28 mode 0
Event: 3264.926 Thread 0x0000020cd346eea0 DEOPT PACKING pc=0x0000020cbc8075e7 sp=0x0000008ff96fdc60
Event: 3264.926 Thread 0x0000020cd346eea0 DEOPT UNPACKING pc=0x0000020cbbf42b24 sp=0x0000008ff96fd148 mode 0
Event: 3264.927 Thread 0x0000020cd346eea0 DEOPT PACKING pc=0x0000020cbc8075e7 sp=0x0000008ff96fdc60
Event: 3264.927 Thread 0x0000020cd346eea0 DEOPT UNPACKING pc=0x0000020cbbf42b24 sp=0x0000008ff96fd148 mode 0

Classes unloaded (20 events):
Event: 2151.581 Thread 0x0000020cd1cf77d0 Unloading class 0x0000000800c10000 'java/lang/invoke/LambdaForm$MH+0x0000000800c10000'
Event: 2151.581 Thread 0x0000020cd1cf77d0 Unloading class 0x0000000800c08800 'java/lang/invoke/LambdaForm$MH+0x0000000800c08800'
Event: 2354.587 Thread 0x0000020cd1cf77d0 Unloading class 0x000000080128c000 'org/apache/catalina/loader/JdbcLeakPrevention'
Event: 2354.587 Thread 0x0000020cd1cf77d0 Unloading class 0x0000000801269000 'java/lang/invoke/LambdaForm$MH+0x0000000801269000'
Event: 2354.587 Thread 0x0000020cd1cf77d0 Unloading class 0x0000000801268c00 'java/lang/invoke/LambdaForm$MH+0x0000000801268c00'
Event: 2354.587 Thread 0x0000020cd1cf77d0 Unloading class 0x0000000801268800 'java/lang/invoke/LambdaForm$MH+0x0000000801268800'
Event: 2354.587 Thread 0x0000020cd1cf77d0 Unloading class 0x0000000801268400 'java/lang/invoke/LambdaForm$MH+0x0000000801268400'
Event: 2354.587 Thread 0x0000020cd1cf77d0 Unloading class 0x0000000801263c00 'java/lang/invoke/LambdaForm$MH+0x0000000801263c00'
Event: 2354.587 Thread 0x0000020cd1cf77d0 Unloading class 0x0000000801263800 'java/lang/invoke/LambdaForm$MH+0x0000000801263800'
Event: 2354.587 Thread 0x0000020cd1cf77d0 Unloading class 0x0000000800fa2800 'java/lang/invoke/LambdaForm$MH+0x0000000800fa2800'
Event: 2354.587 Thread 0x0000020cd1cf77d0 Unloading class 0x0000000800fa2400 'java/lang/invoke/LambdaForm$MH+0x0000000800fa2400'
Event: 2354.587 Thread 0x0000020cd1cf77d0 Unloading class 0x0000000800fa2000 'java/lang/invoke/LambdaForm$MH+0x0000000800fa2000'
Event: 2354.587 Thread 0x0000020cd1cf77d0 Unloading class 0x0000000800fa1c00 'java/lang/invoke/LambdaForm$MH+0x0000000800fa1c00'
Event: 2354.587 Thread 0x0000020cd1cf77d0 Unloading class 0x0000000800fa1800 'java/lang/invoke/LambdaForm$MH+0x0000000800fa1800'
Event: 2354.587 Thread 0x0000020cd1cf77d0 Unloading class 0x0000000800fa1400 'java/lang/invoke/LambdaForm$MH+0x0000000800fa1400'
Event: 2354.587 Thread 0x0000020cd1cf77d0 Unloading class 0x0000000800fa1000 'java/lang/invoke/LambdaForm$MH+0x0000000800fa1000'
Event: 2354.587 Thread 0x0000020cd1cf77d0 Unloading class 0x0000000800fa0c00 'java/lang/invoke/LambdaForm$MH+0x0000000800fa0c00'
Event: 2354.587 Thread 0x0000020cd1cf77d0 Unloading class 0x0000000800fa0800 'java/lang/invoke/LambdaForm$MH+0x0000000800fa0800'
Event: 2354.587 Thread 0x0000020cd1cf77d0 Unloading class 0x0000000800fa0400 'java/lang/invoke/LambdaForm$MH+0x0000000800fa0400'
Event: 2354.587 Thread 0x0000020cd1cf77d0 Unloading class 0x0000000800ef2000 'java/lang/invoke/LambdaForm$MH+0x0000000800ef2000'

Classes redefined (0 events):
No events

Internal exceptions (20 events):
Event: 523.123 Thread 0x0000020cd34701e0 Exception <a 'java/lang/InterruptedException'{0x00000000883b0ff8}: sleep interrupted> (0x00000000883b0ff8) 
thrown [e:\jenkins\tmp\workspace\build\src\src\hotspot\share\prims\jvm.cpp, line 3067]
Event: 523.135 Thread 0x0000020cd346f370 Exception <a 'java/lang/NoClassDefFoundError'{0x00000000883e8620}: liquibase/exception/ChangeLogParseException> (0x00000000883e8620) 
thrown [e:\jenkins\tmp\workspace\build\src\src\hotspot\share\classfile\systemDictionary.cpp, line 245]
Event: 523.144 Thread 0x0000020cd346f370 Exception <a 'java/lang/reflect/InvocationTargetException'{0x000000008824e2a0}> (0x000000008824e2a0) 
thrown [e:\jenkins\tmp\workspace\build\src\src\hotspot\share\runtime\reflection.cpp, line 1121]
Event: 3085.957 Thread 0x0000020cd3471ec0 Exception <a 'sun/nio/fs/WindowsException'{0x0000000085e73fa0}> (0x0000000085e73fa0) 
thrown [e:\jenkins\tmp\workspace\build\src\src\hotspot\share\prims\jni.cpp, line 516]
Event: 3086.661 Thread 0x0000020cd3471ec0 Exception <a 'java/lang/NoClassDefFoundError'{0x0000000085e31050}: org/flywaydb/core/Flyway> (0x0000000085e31050) 
thrown [e:\jenkins\tmp\workspace\build\src\src\hotspot\share\oops\constantPool.cpp, line 835]
Event: 3086.661 Thread 0x0000020cd3471ec0 Exception <a 'java/lang/NoClassDefFoundError'{0x0000000085e316a0}: liquibase/integration/spring/SpringLiquibase> (0x0000000085e316a0) 
thrown [e:\jenkins\tmp\workspace\build\src\src\hotspot\share\oops\constantPool.cpp, line 835]
Event: 3086.666 Thread 0x0000020cd3471ec0 Exception <a 'java/lang/NoClassDefFoundError'{0x0000000085e69ea0}: org/jooq/DSLContext> (0x0000000085e69ea0) 
thrown [e:\jenkins\tmp\workspace\build\src\src\hotspot\share\oops\constantPool.cpp, line 835]
Event: 3086.667 Thread 0x0000020cd3471ec0 Exception <a 'java/lang/NoClassDefFoundError'{0x0000000085e6b330}: jakarta/persistence/EntityManagerFactory> (0x0000000085e6b330) 
thrown [e:\jenkins\tmp\workspace\build\src\src\hotspot\share\oops\constantPool.cpp, line 835]
Event: 3086.667 Thread 0x0000020cd3471ec0 Exception <a 'java/lang/NoClassDefFoundError'{0x0000000085e6b990}: org/springframework/batch/core/repository/JobRepository> (0x0000000085e6b990) 
thrown [e:\jenkins\tmp\workspace\build\src\src\hotspot\share\oops\constantPool.cpp, line 835]
Event: 3086.667 Thread 0x0000020cd3471ec0 Exception <a 'java/lang/NoClassDefFoundError'{0x0000000085e6bfd8}: org/quartz/Scheduler> (0x0000000085e6bfd8) 
thrown [e:\jenkins\tmp\workspace\build\src\src\hotspot\share\oops\constantPool.cpp, line 835]
Event: 3086.667 Thread 0x0000020cd3471ec0 Exception <a 'java/lang/NoClassDefFoundError'{0x0000000085e6c648}: org/springframework/session/jdbc/JdbcIndexedSessionRepository> (0x0000000085e6c648) 
thrown [e:\jenkins\tmp\workspace\build\src\src\hotspot\share\oops\constantPool.cpp, line 835]
Event: 3086.745 Thread 0x0000020cd3471ec0 Exception <a 'sun/nio/fs/WindowsException'{0x00000000882d2748}> (0x00000000882d2748) 
thrown [e:\jenkins\tmp\workspace\build\src\src\hotspot\share\prims\jni.cpp, line 516]
Event: 3086.745 Thread 0x0000020cd3471ec0 Exception <a 'sun/nio/fs/WindowsException'{0x00000000882d2e48}> (0x00000000882d2e48) 
thrown [e:\jenkins\tmp\workspace\build\src\src\hotspot\share\prims\jni.cpp, line 516]
Event: 3086.746 Thread 0x0000020cd3471ec0 Exception <a 'sun/nio/fs/WindowsException'{0x00000000882d3528}> (0x00000000882d3528) 
thrown [e:\jenkins\tmp\workspace\build\src\src\hotspot\share\prims\jni.cpp, line 516]
Event: 3086.759 Thread 0x0000020cd3471ec0 Exception <a 'java/io/FileNotFoundException'{0x00000000881019a0}> (0x00000000881019a0) 
thrown [e:\jenkins\tmp\workspace\build\src\src\hotspot\share\prims\jni.cpp, line 516]
Event: 3086.913 Thread 0x0000020cd3471ec0 Exception <a 'java/lang/reflect/InvocationTargetException'{0x0000000086558bf0}> (0x0000000086558bf0) 
thrown [e:\jenkins\tmp\workspace\build\src\src\hotspot\share\runtime\reflection.cpp, line 1121]
Event: 3086.924 Thread 0x0000020cd3475d50 Exception <a 'java/lang/InterruptedException'{0x000000008659b830}: sleep interrupted> (0x000000008659b830) 
thrown [e:\jenkins\tmp\workspace\build\src\src\hotspot\share\prims\jvm.cpp, line 3067]
Event: 3086.933 Thread 0x0000020cd3471ec0 Exception <a 'java/lang/NoClassDefFoundError'{0x00000000865b32b0}: liquibase/exception/ChangeLogParseException> (0x00000000865b32b0) 
thrown [e:\jenkins\tmp\workspace\build\src\src\hotspot\share\classfile\systemDictionary.cpp, line 245]
Event: 3086.955 Thread 0x0000020cd3471ec0 Exception <a 'java/lang/reflect/InvocationTargetException'{0x0000000086418720}> (0x0000000086418720) 
thrown [e:\jenkins\tmp\workspace\build\src\src\hotspot\share\runtime\reflection.cpp, line 1121]
Event: 3264.855 Thread 0x0000020cd346eea0 Exception <a 'sun/nio/fs/WindowsException'{0x0000000086602860}> (0x0000000086602860) 
thrown [e:\jenkins\tmp\workspace\build\src\src\hotspot\share\prims\jni.cpp, line 516]

VM Operations (20 events):
Event: 2889.380 Executing VM operation: G1CollectForAllocation
Event: 2889.382 Executing VM operation: G1CollectForAllocation done
Event: 2996.271 Executing VM operation: G1CollectForAllocation
Event: 2996.272 Executing VM operation: G1CollectForAllocation done
Event: 3085.999 Executing VM operation: ICBufferFull
Event: 3085.999 Executing VM operation: ICBufferFull done
Event: 3086.046 Executing VM operation: G1CollectForAllocation
Event: 3086.048 Executing VM operation: G1CollectForAllocation done
Event: 3086.715 Executing VM operation: G1CollectForAllocation
Event: 3086.719 Executing VM operation: G1CollectForAllocation done
Event: 3087.732 Executing VM operation: Cleanup
Event: 3087.781 Executing VM operation: Cleanup done
Event: 3103.257 Executing VM operation: G1CollectForAllocation
Event: 3103.259 Executing VM operation: G1CollectForAllocation done
Event: 3169.257 Executing VM operation: G1CollectForAllocation
Event: 3169.264 Executing VM operation: G1CollectForAllocation done
Event: 3236.454 Executing VM operation: G1CollectForAllocation
Event: 3236.456 Executing VM operation: G1CollectForAllocation done
Event: 3264.877 Executing VM operation: ICBufferFull
Event: 3264.877 Executing VM operation: ICBufferFull done

Events (20 events):
Event: 523.144 Thread 0x0000020cd346f370 Thread exited: 0x0000020cd346f370
Event: 523.145 Thread 0x0000020cd3471050 Thread added: 0x0000020cd3471050
Event: 532.761 Thread 0x0000020cd3fb2920 Thread exited: 0x0000020cd3fb2920
Event: 3085.942 Thread 0x0000020cd3471ec0 Thread added: 0x0000020cd3471ec0
Event: 3085.958 Thread 0x0000020cd3fb7f30 Thread added: 0x0000020cd3fb7f30
Event: 3086.071 Thread 0x0000020cd34736d0 Thread added: 0x0000020cd34736d0
Event: 3086.104 Thread 0x0000020cd34736d0 Thread exited: 0x0000020cd34736d0
Event: 3086.803 Thread 0x0000020cd3475880 Thread added: 0x0000020cd3475880
Event: 3086.804 Thread 0x0000020cd3472d30 Thread added: 0x0000020cd3472d30
Event: 3086.804 Thread 0x0000020cd3475d50 Thread added: 0x0000020cd3475d50
Event: 3086.925 Thread 0x0000020cd3475d50 Thread exited: 0x0000020cd3475d50
Event: 3086.956 Thread 0x0000020cd34766f0 Thread added: 0x0000020cd34766f0
Event: 3086.956 Thread 0x0000020cd3471ec0 Thread exited: 0x0000020cd3471ec0
Event: 3087.781 Thread 0x0000020cd3475880 Thread exited: 0x0000020cd3475880
Event: 3087.781 Thread 0x0000020cd3472d30 Thread exited: 0x0000020cd3472d30
Event: 3092.487 Thread 0x0000020cd3fb7f30 Thread exited: 0x0000020cd3fb7f30
Event: 3264.840 Thread 0x0000020cd346eea0 Thread added: 0x0000020cd346eea0
Event: 3264.863 Thread 0x0000020cd3fb4780 Thread added: 0x0000020cd3fb4780
Event: 3264.932 Thread 0x0000020cd3471ec0 Thread added: 0x0000020cd3471ec0
Event: 3264.968 Thread 0x0000020cd3471ec0 Thread exited: 0x0000020cd3471ec0


Dynamic libraries:
0x00007ff7c6480000 - 0x00007ff7c648e000 	C:\Users\zd2N05\pleiades\java\17\bin\javaw.exe
0x00007ff912570000 - 0x00007ff912768000 	C:\WINDOWS\SYSTEM32\ntdll.dll
0x00007ff911550000 - 0x00007ff91160d000 	C:\WINDOWS\System32\KERNEL32.DLL
0x00007ff90fe80000 - 0x00007ff910176000 	C:\WINDOWS\System32\KERNELBASE.dll
0x00007ff9104d0000 - 0x00007ff9105d0000 	C:\WINDOWS\System32\ucrtbase.dll
0x00007ff8fdba0000 - 0x00007ff8fdbb8000 	C:\Users\zd2N05\pleiades\java\17\bin\jli.dll
0x00007ff8fb700000 - 0x00007ff8fb719000 	C:\Users\zd2N05\pleiades\java\17\bin\VCRUNTIME140.dll
0x00007ff910a70000 - 0x00007ff910c0e000 	C:\WINDOWS\System32\USER32.dll
0x00007ff90fe20000 - 0x00007ff90fe42000 	C:\WINDOWS\System32\win32u.dll
0x00007ff8f66d0000 - 0x00007ff8f696a000 	C:\WINDOWS\WinSxS\amd64_microsoft.windows.common-controls_6595b64144ccf1df_6.0.19041.1110_none_60b5254171f9507e\COMCTL32.dll
0x00007ff910a30000 - 0x00007ff910a5c000 	C:\WINDOWS\System32\GDI32.dll
0x00007ff90fd00000 - 0x00007ff90fe1a000 	C:\WINDOWS\System32\gdi32full.dll
0x00007ff910720000 - 0x00007ff9107be000 	C:\WINDOWS\System32\msvcrt.dll
0x00007ff9103e0000 - 0x00007ff91047d000 	C:\WINDOWS\System32\msvcp_win.dll
0x00007ff911f60000 - 0x00007ff911f90000 	C:\WINDOWS\System32\IMM32.DLL
0x00007ff8fb6f0000 - 0x00007ff8fb6fc000 	C:\Users\zd2N05\pleiades\java\17\bin\vcruntime140_1.dll
0x00007ff8c4c40000 - 0x00007ff8c4cd1000 	C:\Users\zd2N05\pleiades\java\17\bin\msvcp140.dll
0x00007ff8c0d70000 - 0x00007ff8c19b7000 	C:\Users\zd2N05\pleiades\java\17\bin\server\jvm.dll
0x00007ff9120b0000 - 0x00007ff91215e000 	C:\WINDOWS\System32\ADVAPI32.dll
0x00007ff910680000 - 0x00007ff91071c000 	C:\WINDOWS\System32\sechost.dll
0x00007ff9116e0000 - 0x00007ff911806000 	C:\WINDOWS\System32\RPCRT4.dll
0x00007ff9124c0000 - 0x00007ff9124c8000 	C:\WINDOWS\System32\PSAPI.DLL
0x00007ff909e50000 - 0x00007ff909e59000 	C:\WINDOWS\SYSTEM32\WSOCK32.dll
0x00007ff911610000 - 0x00007ff91167b000 	C:\WINDOWS\System32\WS2_32.dll
0x00007ff906c80000 - 0x00007ff906ca7000 	C:\WINDOWS\SYSTEM32\WINMM.dll
0x00007ff9094d0000 - 0x00007ff9094da000 	C:\WINDOWS\SYSTEM32\VERSION.dll
0x00007ff90d920000 - 0x00007ff90d932000 	C:\WINDOWS\SYSTEM32\kernel.appcore.dll
0x00007ff90a740000 - 0x00007ff90a74a000 	C:\Users\zd2N05\pleiades\java\17\bin\jimage.dll
0x00007ff8fdf80000 - 0x00007ff8fe164000 	C:\WINDOWS\SYSTEM32\DBGHELP.DLL
0x00007ff8fdf10000 - 0x00007ff8fdf44000 	C:\WINDOWS\SYSTEM32\dbgcore.DLL
0x00007ff9101f0000 - 0x00007ff910272000 	C:\WINDOWS\System32\bcryptPrimitives.dll
0x00007ff8fbd20000 - 0x00007ff8fbd45000 	C:\Users\zd2N05\pleiades\java\17\bin\java.dll
0x00007ff8f56a0000 - 0x00007ff8f5776000 	C:\Users\zd2N05\pleiades\java\17\bin\jsvml.dll
0x00007ff911810000 - 0x00007ff911f55000 	C:\WINDOWS\System32\SHELL32.dll
0x00007ff90db20000 - 0x00007ff90e2bb000 	C:\WINDOWS\SYSTEM32\windows.storage.dll
0x00007ff912160000 - 0x00007ff9124b4000 	C:\WINDOWS\System32\combase.dll
0x00007ff90f620000 - 0x00007ff90f64e000 	C:\WINDOWS\SYSTEM32\Wldp.dll
0x00007ff910ef0000 - 0x00007ff910f9d000 	C:\WINDOWS\System32\SHCORE.dll
0x00007ff910dc0000 - 0x00007ff910e15000 	C:\WINDOWS\System32\shlwapi.dll
0x00007ff90fb80000 - 0x00007ff90fba5000 	C:\WINDOWS\SYSTEM32\profapi.dll
0x00007ff8fb750000 - 0x00007ff8fb769000 	C:\Users\zd2N05\pleiades\java\17\bin\net.dll
0x00007ff909140000 - 0x00007ff90924a000 	C:\WINDOWS\SYSTEM32\WINHTTP.dll
0x00007ff90f320000 - 0x00007ff90f38a000 	C:\WINDOWS\system32\mswsock.dll
0x00007ff8fb730000 - 0x00007ff8fb745000 	C:\Users\zd2N05\pleiades\java\17\bin\nio.dll
0x00007ff8fb770000 - 0x00007ff8fb788000 	C:\Users\zd2N05\pleiades\java\17\bin\zip.dll
0x00007ff8f8ba0000 - 0x00007ff8f8ba9000 	C:\Users\zd2N05\pleiades\java\17\bin\management.dll
0x00007ff8f8500000 - 0x00007ff8f850b000 	C:\Users\zd2N05\pleiades\java\17\bin\management_ext.dll
0x00007ff90f570000 - 0x00007ff90f588000 	C:\WINDOWS\SYSTEM32\CRYPTSP.dll
0x00007ff90ec30000 - 0x00007ff90ec64000 	C:\WINDOWS\system32\rsaenh.dll
0x00007ff90fe50000 - 0x00007ff90fe77000 	C:\WINDOWS\System32\bcrypt.dll
0x00007ff90fb40000 - 0x00007ff90fb6e000 	C:\WINDOWS\SYSTEM32\USERENV.dll
0x00007ff90f590000 - 0x00007ff90f59c000 	C:\WINDOWS\SYSTEM32\CRYPTBASE.dll
0x00007ff90f010000 - 0x00007ff90f04b000 	C:\WINDOWS\SYSTEM32\IPHLPAPI.DLL
0x00007ff910fa0000 - 0x00007ff910fa8000 	C:\WINDOWS\System32\NSI.dll
0x00007ff90acf0000 - 0x00007ff90ad07000 	C:\WINDOWS\SYSTEM32\dhcpcsvc6.DLL
0x00007ff90acb0000 - 0x00007ff90accd000 	C:\WINDOWS\SYSTEM32\dhcpcsvc.DLL
0x00007ff90f050000 - 0x00007ff90f11a000 	C:\WINDOWS\SYSTEM32\DNSAPI.dll
0x00007ff8f96f0000 - 0x00007ff8f96fe000 	C:\Users\zd2N05\pleiades\java\17\bin\sunmscapi.dll
0x00007ff910280000 - 0x00007ff9103de000 	C:\WINDOWS\System32\CRYPT32.dll
0x00007ff90f690000 - 0x00007ff90f6b8000 	C:\WINDOWS\SYSTEM32\ncrypt.dll
0x00007ff90f650000 - 0x00007ff90f68b000 	C:\WINDOWS\SYSTEM32\NTASN1.dll
0x00007ff8fb6e0000 - 0x00007ff8fb6e7000 	C:\WINDOWS\system32\wshunix.dll

dbghelp: loaded successfully - version: 4.0.5 - missing functions: none
symbol engine: initialized successfully - sym options: 0x614 - pdb path: .;C:\Users\zd2N05\pleiades\java\17\bin;C:\WINDOWS\SYSTEM32;C:\WINDOWS\WinSxS\amd64_microsoft.windows.common-controls_6595b64144ccf1df_6.0.19041.1110_none_60b5254171f9507e;C:\Users\zd2N05\pleiades\java\17\bin\server

VM Arguments:
jvm_args: -Dfile.encoding=UTF-8 -XX:+ShowCodeDetailsInExceptionMessages 
java_command: com.example.app.BookKnowledgeAppApplication
java_class_path (initial): C:\Users\zd2N05\pleiades\workspace\BookKnowledgeApp\target\classes;C:\Users\zd2N05\.m2\repository\org\springframework\boot\spring-boot-starter-thymeleaf\3.1.3\spring-boot-starter-thymeleaf-3.1.3.jar;C:\Users\zd2N05\.m2\repository\org\springframework\boot\spring-boot-starter\3.1.3\spring-boot-starter-3.1.3.jar;C:\Users\zd2N05\.m2\repository\org\springframework\boot\spring-boot-starter-logging\3.1.3\spring-boot-starter-logging-3.1.3.jar;C:\Users\zd2N05\.m2\repository\ch\qos\logback\logback-classic\1.4.11\logback-classic-1.4.11.jar;C:\Users\zd2N05\.m2\repository\ch\qos\logback\logback-core\1.4.11\logback-core-1.4.11.jar;C:\Users\zd2N05\.m2\repository\org\apache\logging\log4j\log4j-to-slf4j\2.20.0\log4j-to-slf4j-2.20.0.jar;C:\Users\zd2N05\.m2\repository\org\apache\logging\log4j\log4j-api\2.20.0\log4j-api-2.20.0.jar;C:\Users\zd2N05\.m2\repository\org\slf4j\jul-to-slf4j\2.0.7\jul-to-slf4j-2.0.7.jar;C:\Users\zd2N05\.m2\repository\jakarta\annotation\jakarta.annotation-api\2.1.1\jakarta.annotation-api-2.1.1.jar;C:\Users\zd2N05\.m2\repository\org\yaml\snakeyaml\1.33\snakeyaml-1.33.jar;C:\Users\zd2N05\.m2\repository\org\thymeleaf\thymeleaf-spring6\3.1.2.RELEASE\thymeleaf-spring6-3.1.2.RELEASE.jar;C:\Users\zd2N05\.m2\repository\org\thymeleaf\thymeleaf\3.1.2.RELEASE\thymeleaf-3.1.2.RELEASE.jar;C:\Users\zd2N05\.m2\repository\org\attoparser\attoparser\2.0.7.RELEASE\attoparser-2.0.7.RELEASE.jar;C:\Users\zd2N05\.m2\repository\org\unbescape\unbescape\1.1.6.RELEASE\unbescape-1.1.6.RELEASE.jar;C:\Users\zd2N05\.m2\repository\org\slf4j\slf4j-api\2.0.7\slf4j-api-2.0.7.jar;C:\Users\zd2N05\.m2\repository\org\springframework\boot\spring-boot-starter-validation\3.1.3\spring-boot-starter-validation-3.1.3.jar;C:\Users\zd2N05\.m2\repository\org\apache\tomcat\embed\tomcat-embed-el\10.1.12\tomcat-embed-el-10.1.12.jar;C:\Users\zd2N05\.m2\repository\org\hibernate\validator\hibernate-validator\8.0.1.Final\hibernate-validator-8.0.1.Final.jar;C:\Users\zd2N05\.m2\repository\
Launcher Type: SUN_STANDARD

[Global flags]
     intx CICompilerCount                          = 3                                         {product} {ergonomic}
     uint ConcGCThreads                            = 1                                         {product} {ergonomic}
     uint G1ConcRefinementThreads                  = 4                                         {product} {ergonomic}
   size_t G1HeapRegionSize                         = 1048576                                   {product} {ergonomic}
    uintx GCDrainStackTargetSize                   = 64                                        {product} {ergonomic}
   size_t InitialHeapSize                          = 130023424                                 {product} {ergonomic}
   size_t MarkStackSize                            = 4194304                                   {product} {ergonomic}
   size_t MaxHeapSize                              = 2080374784                                {product} {ergonomic}
   size_t MaxNewSize                               = 1247805440                                {product} {ergonomic}
   size_t MinHeapDeltaBytes                        = 1048576                                   {product} {ergonomic}
   size_t MinHeapSize                              = 8388608                                   {product} {ergonomic}
    uintx NonNMethodCodeHeapSize                   = 5832780                                {pd product} {ergonomic}
    uintx NonProfiledCodeHeapSize                  = 122912730                              {pd product} {ergonomic}
    uintx ProfiledCodeHeapSize                     = 122912730                              {pd product} {ergonomic}
    uintx ReservedCodeCacheSize                    = 251658240                              {pd product} {ergonomic}
     bool SegmentedCodeCache                       = true                                      {product} {ergonomic}
     bool ShowCodeDetailsInExceptionMessages       = true                                   {manageable} {command line}
   size_t SoftMaxHeapSize                          = 2080374784                             {manageable} {ergonomic}
     bool UseCompressedClassPointers               = true                           {product lp64_product} {ergonomic}
     bool UseCompressedOops                        = true                           {product lp64_product} {ergonomic}
     bool UseG1GC                                  = true                                      {product} {ergonomic}
     bool UseLargePagesIndividualAllocation        = false                                  {pd product} {ergonomic}

Logging:
Log output configuration:
 #0: stdout all=warning uptime,level,tags
 #1: stderr all=off uptime,level,tags

Environment Variables:
JAVA_HOME=C:\Program Files\Java\jdk1.8.0_131
PATH=C:/Users/zd2N05/pleiades/java/17/bin/server;C:/Users/zd2N05/pleiades/java/17/bin;C:\Program Files\Common Files\Microsoft Shared\Windows Live;C:\Program Files (x86)\Common Files\Microsoft Shared\Windows Live;C:\WINDOWS\system32;C:\WINDOWS;C:\WINDOWS\System32\Wbem;C:\WINDOWS\System32\WindowsPowerShell\v1.0\;C:\Program Files (x86)\ATI Technologies\ATI.ACE\Core-Static;C:\Program Files (x86)\Windows Live\Shared;C:\Program Files\Git\cmd;C:\Program Files\vim;C:\Program Files\Sublime Text 3;C:\Ruby23-x64\bin\;C:\ruby-2.4.0\bin\;C:\Users\zd2G05\AppData\Roaming\npm\;C:\Users\zd2G05\AppData\Local\Programs\Git\cmd;;C:\WINDOWS\system32;C:\WINDOWS;C:\WINDOWS\System32\Wbem;C:\WINDOWS\System32\WindowsPowerShell\v1.0\;C:\WINDOWS\System32\OpenSSH\;C:\Program Files\nodejs\;D:\Program Files\WinMerge;C:\Users\zd2N05\AppData\Local\Microsoft\WindowsApps;C:\Users\zd2N05\AppData\Local\Programs\Microsoft VS Code\bin;C:\Users\zd2N05\AppData\Local\Programs\Git\cmd;C:\Users\zd2N05\pleiades\eclipse;
USERNAME=zd2N05
OS=Windows_NT
PROCESSOR_IDENTIFIER=AMD64 Family 16 Model 4 Stepping 3, AuthenticAMD



---------------  S Y S T E M  ---------------

OS:
 Windows 10 , 64 bit Build 19041 (10.0.19041.3393)
OS uptime: 2 days 2:28 hours

CPU: total 4 (initial active 4) (4 cores per cpu, 1 threads per core) family 16 model 4 stepping 3 microcode 0x0, cx8, cmov, fxsr, mmx, 3dnowpref, sse, sse2, sse3, sse4a, popcnt, lzcnt, tsc, tscinvbit, clflush

Memory: 4k page, system-wide physical 7935M (1177M free)
TotalPageFile size 7935M (AvailPageFile size 5M)
current process WorkingSet (physical memory assigned to process): 196M, peak: 231M
current process commit charge ("private bytes"): 245M, peak: 270M

vm_info: OpenJDK 64-Bit Server VM (17.0.2+8) for windows-amd64 JRE (17.0.2+8), built on Jan 20 2022 04:52:34 by "" with MS VC++ 16.7 (VS2019)

END.
